{"uid":"9f90083e8d443298","name":"test_register_user","fullName":"test.test_a#test_register_user","historyId":"d44686b4827615327afeb88416bd4909","time":{"start":1768781869335,"stop":1768781869447,"duration":112},"status":"failed","statusMessage":"AssertionError: http://localhost/register\n  \nassert 500 == 200\n +  where 500 = <Response [500]>.status_code","statusTrace":"def test_register_user():\n    \n        with allure.step(\"Step 1: prepare all for test\"):\n            faker = Faker()\n            url = \"http://localhost/register\"\n            headers = {\"Content-Type\": \"application/json\"}\n            user_payload = {\n                \"username\": faker.user_name(),\n                \"password\": faker.password(),\n                \"email\": faker.email(),\n            }\n    \n        with allure.step(\"Step 2: make post request\"):\n            response = requests.post(\n                url=url,\n                headers=headers,\n                json=user_payload,\n            )\n    \n        with allure.step(\"Step 3: assert 200 OK\"):\n>           assert response.status_code == 200, f\"{response.url}\\n{response.text}\"\nE           AssertionError: http://localhost/register\nE             \nE           assert 500 == 200\nE            +  where 500 = <Response [500]>.status_code\n\ntest/test_a.py:26: AssertionError","flaky":false,"newFailed":false,"newBroken":false,"newPassed":false,"retriesCount":0,"retriesStatusChange":false,"beforeStages":[{"name":"_session_faker","time":{"start":1768781869277,"stop":1768781869334,"duration":57},"status":"passed","steps":[],"attachments":[],"parameters":[],"stepsCount":0,"shouldDisplayMessage":false,"attachmentsCount":0,"hasContent":false,"attachmentStep":false}],"testStage":{"status":"failed","statusMessage":"AssertionError: http://localhost/register\n  \nassert 500 == 200\n +  where 500 = <Response [500]>.status_code","statusTrace":"def test_register_user():\n    \n        with allure.step(\"Step 1: prepare all for test\"):\n            faker = Faker()\n            url = \"http://localhost/register\"\n            headers = {\"Content-Type\": \"application/json\"}\n            user_payload = {\n                \"username\": faker.user_name(),\n                \"password\": faker.password(),\n                \"email\": faker.email(),\n            }\n    \n        with allure.step(\"Step 2: make post request\"):\n            response = requests.post(\n                url=url,\n                headers=headers,\n                json=user_payload,\n            )\n    \n        with allure.step(\"Step 3: assert 200 OK\"):\n>           assert response.status_code == 200, f\"{response.url}\\n{response.text}\"\nE           AssertionError: http://localhost/register\nE             \nE           assert 500 == 200\nE            +  where 500 = <Response [500]>.status_code\n\ntest/test_a.py:26: AssertionError","steps":[{"name":"Step 1: prepare all for test","time":{"start":1768781869335,"stop":1768781869337,"duration":2},"status":"passed","steps":[],"attachments":[],"parameters":[],"stepsCount":0,"shouldDisplayMessage":false,"attachmentsCount":0,"hasContent":false,"attachmentStep":false},{"name":"Step 2: make post request","time":{"start":1768781869337,"stop":1768781869446,"duration":109},"status":"passed","steps":[],"attachments":[],"parameters":[],"stepsCount":0,"shouldDisplayMessage":false,"attachmentsCount":0,"hasContent":false,"attachmentStep":false},{"name":"Step 3: assert 200 OK","time":{"start":1768781869446,"stop":1768781869446,"duration":0},"status":"failed","statusMessage":"AssertionError: http://localhost/register\n  \nassert 500 == 200\n +  where 500 = <Response [500]>.status_code\n","statusTrace":"  File \"/home/runner/work/GhPyTry/GhPyTry/test/test_a.py\", line 26, in test_register_user\n    assert response.status_code == 200, f\"{response.url}\\n{response.text}\"\n","steps":[],"attachments":[],"parameters":[],"stepsCount":0,"shouldDisplayMessage":true,"attachmentsCount":0,"hasContent":true,"attachmentStep":false}],"attachments":[],"parameters":[],"stepsCount":3,"shouldDisplayMessage":true,"attachmentsCount":0,"hasContent":true,"attachmentStep":false},"afterStages":[],"labels":[{"name":"parentSuite","value":"test"},{"name":"suite","value":"test_a"},{"name":"host","value":"runnervmmtnos"},{"name":"thread","value":"4936-MainThread"},{"name":"framework","value":"pytest"},{"name":"language","value":"cpython3"},{"name":"package","value":"test.test_a"},{"name":"resultFormat","value":"allure2"}],"parameters":[],"links":[],"hidden":false,"retry":false,"extra":{"severity":"normal","retries":[],"categories":[{"name":"Product defects","matchedStatuses":[],"flaky":false}],"tags":[]},"source":"9f90083e8d443298.json","parameterValues":[]}