{"uid":"98a06229c584420f","name":"test_true","fullName":"test.test_a#test_true","historyId":"d42e624fc88c30356f7493f7e1b57bc9","time":{"start":1768262399380,"stop":1768262399381,"duration":1},"status":"failed","statusMessage":"AssertionError: assert False","statusTrace":"def test_true():\n        with allure.step(\"Assert True\"):\n>           assert False\nE           assert False\n\ntest/test_a.py:31: AssertionError","flaky":false,"newFailed":false,"newBroken":false,"newPassed":false,"retriesCount":0,"retriesStatusChange":false,"beforeStages":[{"name":"_session_faker","time":{"start":1768262399336,"stop":1768262399379,"duration":43},"status":"passed","steps":[],"attachments":[],"parameters":[],"stepsCount":0,"shouldDisplayMessage":false,"attachmentsCount":0,"hasContent":false,"attachmentStep":false}],"testStage":{"status":"failed","statusMessage":"AssertionError: assert False","statusTrace":"def test_true():\n        with allure.step(\"Assert True\"):\n>           assert False\nE           assert False\n\ntest/test_a.py:31: AssertionError","steps":[{"name":"Assert True","time":{"start":1768262399380,"stop":1768262399380,"duration":0},"status":"failed","statusMessage":"AssertionError: assert False\n","statusTrace":"  File \"/home/runner/work/GhPyTry/GhPyTry/test/test_a.py\", line 31, in test_true\n    assert False\n","steps":[],"attachments":[],"parameters":[],"stepsCount":0,"shouldDisplayMessage":true,"attachmentsCount":0,"hasContent":true,"attachmentStep":false}],"attachments":[],"parameters":[],"stepsCount":1,"shouldDisplayMessage":true,"attachmentsCount":0,"hasContent":true,"attachmentStep":false},"afterStages":[],"labels":[{"name":"parentSuite","value":"test"},{"name":"suite","value":"test_a"},{"name":"host","value":"runnervmi13qx"},{"name":"thread","value":"4922-MainThread"},{"name":"framework","value":"pytest"},{"name":"language","value":"cpython3"},{"name":"package","value":"test.test_a"},{"name":"resultFormat","value":"allure2"}],"parameters":[],"links":[],"hidden":false,"retry":false,"extra":{"severity":"normal","retries":[],"categories":[{"name":"Product defects","matchedStatuses":[],"flaky":false}],"history":{"statistic":{"failed":2,"broken":0,"skipped":0,"passed":0,"unknown":0,"total":2},"items":[{"uid":"2736c840e3b071b5","reportUrl":"https://Valerii-Synenko.github.io/GhPyTry/122/#testresult/2736c840e3b071b5","status":"failed","statusDetails":"AssertionError: assert False","time":{"start":1768262012933,"stop":1768262012934,"duration":1}}]},"tags":[]},"source":"98a06229c584420f.json","parameterValues":[]}