{"uid":"21a7aea28a8d4b0f","name":"test_register_user","fullName":"test.test_a#test_register_user","historyId":"d44686b4827615327afeb88416bd4909","time":{"start":1766014718109,"stop":1766014718142,"duration":33},"status":"failed","statusMessage":"AssertionError: assert 200 == 300\n +  where 200 = <Response [200]>.status_code","statusTrace":"def test_register_user():\n    \n        with allure.step(\"Step 1: prepare all for test\"):\n            faker = Faker()\n            url = \"http://localhost/register\"\n            headers = {\"Content-Type\": \"application/json\"}\n            user_payload = {\n                \"username\": faker.user_name(),\n                \"password\": faker.password(),\n                \"email\": faker.email(),\n            }\n    \n        with allure.step(\"Step 2: make post request\"):\n            response = requests.post(\n                url=url,\n                headers=headers,\n                json=user_payload,\n            )\n    \n        with allure.step(\"Step 3: assert 200 OK\"):\n>           assert response.status_code == 300\nE           assert 200 == 300\nE            +  where 200 = <Response [200]>.status_code\n\ntest/test_a.py:26: AssertionError","flaky":false,"newFailed":false,"newBroken":false,"newPassed":false,"retriesCount":0,"retriesStatusChange":false,"beforeStages":[{"name":"_session_faker","time":{"start":1766014718030,"stop":1766014718108,"duration":78},"status":"passed","steps":[],"attachments":[],"parameters":[],"shouldDisplayMessage":false,"stepsCount":0,"attachmentsCount":0,"hasContent":false,"attachmentStep":false}],"testStage":{"status":"failed","statusMessage":"AssertionError: assert 200 == 300\n +  where 200 = <Response [200]>.status_code","statusTrace":"def test_register_user():\n    \n        with allure.step(\"Step 1: prepare all for test\"):\n            faker = Faker()\n            url = \"http://localhost/register\"\n            headers = {\"Content-Type\": \"application/json\"}\n            user_payload = {\n                \"username\": faker.user_name(),\n                \"password\": faker.password(),\n                \"email\": faker.email(),\n            }\n    \n        with allure.step(\"Step 2: make post request\"):\n            response = requests.post(\n                url=url,\n                headers=headers,\n                json=user_payload,\n            )\n    \n        with allure.step(\"Step 3: assert 200 OK\"):\n>           assert response.status_code == 300\nE           assert 200 == 300\nE            +  where 200 = <Response [200]>.status_code\n\ntest/test_a.py:26: AssertionError","steps":[{"name":"Step 1: prepare all for test","time":{"start":1766014718109,"stop":1766014718111,"duration":2},"status":"passed","steps":[],"attachments":[],"parameters":[],"shouldDisplayMessage":false,"stepsCount":0,"attachmentsCount":0,"hasContent":false,"attachmentStep":false},{"name":"Step 2: make post request","time":{"start":1766014718111,"stop":1766014718141,"duration":30},"status":"passed","steps":[],"attachments":[],"parameters":[],"shouldDisplayMessage":false,"stepsCount":0,"attachmentsCount":0,"hasContent":false,"attachmentStep":false},{"name":"Step 3: assert 200 OK","time":{"start":1766014718141,"stop":1766014718141,"duration":0},"status":"failed","statusMessage":"AssertionError: assert 200 == 300\n +  where 200 = <Response [200]>.status_code\n","statusTrace":"  File \"/home/runner/work/GhPyTry/GhPyTry/test/test_a.py\", line 26, in test_register_user\n    assert response.status_code == 300\n","steps":[],"attachments":[],"parameters":[],"shouldDisplayMessage":true,"stepsCount":0,"attachmentsCount":0,"hasContent":true,"attachmentStep":false}],"attachments":[],"parameters":[],"shouldDisplayMessage":true,"stepsCount":3,"attachmentsCount":0,"hasContent":true,"attachmentStep":false},"afterStages":[],"labels":[{"name":"parentSuite","value":"test"},{"name":"suite","value":"test_a"},{"name":"host","value":"runnervmh13bl"},{"name":"thread","value":"4898-MainThread"},{"name":"framework","value":"pytest"},{"name":"language","value":"cpython3"},{"name":"package","value":"test.test_a"},{"name":"resultFormat","value":"allure2"}],"parameters":[],"links":[],"hidden":false,"retry":false,"extra":{"severity":"normal","retries":[],"categories":[{"name":"Product defects","matchedStatuses":[],"flaky":false}],"tags":[]},"source":"21a7aea28a8d4b0f.json","parameterValues":[]}