{"uid":"286ec167071af4b5","name":"test_register_user","fullName":"test.test_a#test_register_user","historyId":"d44686b4827615327afeb88416bd4909","time":{"start":1766016465904,"stop":1766016465930,"duration":26},"status":"failed","statusMessage":"AssertionError: assert 200 == 300\n +  where 200 = <Response [200]>.status_code","statusTrace":"def test_register_user():\n    \n        with allure.step(\"Step 1: prepare all for test\"):\n            faker = Faker()\n            url = \"http://localhost/register\"\n            headers = {\"Content-Type\": \"application/json\"}\n            user_payload = {\n                \"username\": faker.user_name(),\n                \"password\": faker.password(),\n                \"email\": faker.email(),\n            }\n    \n        with allure.step(\"Step 2: make post request\"):\n            response = requests.post(\n                url=url,\n                headers=headers,\n                json=user_payload,\n            )\n    \n        with allure.step(\"Step 3: assert 200 OK\"):\n>           assert response.status_code == 300\nE           assert 200 == 300\nE            +  where 200 = <Response [200]>.status_code\n\ntest/test_a.py:26: AssertionError","flaky":true,"newFailed":true,"newBroken":false,"newPassed":false,"retriesCount":0,"retriesStatusChange":false,"beforeStages":[{"name":"_session_faker","time":{"start":1766016465882,"stop":1766016465904,"duration":22},"status":"passed","steps":[],"attachments":[],"parameters":[],"shouldDisplayMessage":false,"stepsCount":0,"attachmentsCount":0,"hasContent":false,"attachmentStep":false}],"testStage":{"status":"failed","statusMessage":"AssertionError: assert 200 == 300\n +  where 200 = <Response [200]>.status_code","statusTrace":"def test_register_user():\n    \n        with allure.step(\"Step 1: prepare all for test\"):\n            faker = Faker()\n            url = \"http://localhost/register\"\n            headers = {\"Content-Type\": \"application/json\"}\n            user_payload = {\n                \"username\": faker.user_name(),\n                \"password\": faker.password(),\n                \"email\": faker.email(),\n            }\n    \n        with allure.step(\"Step 2: make post request\"):\n            response = requests.post(\n                url=url,\n                headers=headers,\n                json=user_payload,\n            )\n    \n        with allure.step(\"Step 3: assert 200 OK\"):\n>           assert response.status_code == 300\nE           assert 200 == 300\nE            +  where 200 = <Response [200]>.status_code\n\ntest/test_a.py:26: AssertionError","steps":[{"name":"Step 1: prepare all for test","time":{"start":1766016465904,"stop":1766016465905,"duration":1},"status":"passed","steps":[],"attachments":[],"parameters":[],"shouldDisplayMessage":false,"stepsCount":0,"attachmentsCount":0,"hasContent":false,"attachmentStep":false},{"name":"Step 2: make post request","time":{"start":1766016465905,"stop":1766016465929,"duration":24},"status":"passed","steps":[],"attachments":[],"parameters":[],"shouldDisplayMessage":false,"stepsCount":0,"attachmentsCount":0,"hasContent":false,"attachmentStep":false},{"name":"Step 3: assert 200 OK","time":{"start":1766016465929,"stop":1766016465929,"duration":0},"status":"failed","statusMessage":"AssertionError: assert 200 == 300\n +  where 200 = <Response [200]>.status_code\n","statusTrace":"  File \"/home/runner/work/GhPyTry/GhPyTry/test/test_a.py\", line 26, in test_register_user\n    assert response.status_code == 300\n","steps":[],"attachments":[],"parameters":[],"shouldDisplayMessage":true,"stepsCount":0,"attachmentsCount":0,"hasContent":true,"attachmentStep":false}],"attachments":[],"parameters":[],"shouldDisplayMessage":true,"stepsCount":3,"attachmentsCount":0,"hasContent":true,"attachmentStep":false},"afterStages":[],"labels":[{"name":"parentSuite","value":"test"},{"name":"suite","value":"test_a"},{"name":"host","value":"runnervmh13bl"},{"name":"thread","value":"5356-MainThread"},{"name":"framework","value":"pytest"},{"name":"language","value":"cpython3"},{"name":"package","value":"test.test_a"},{"name":"resultFormat","value":"allure2"}],"parameters":[],"links":[],"hidden":false,"retry":false,"extra":{"severity":"normal","retries":[],"categories":[{"name":"Product defects","matchedStatuses":[],"flaky":false}],"history":{"statistic":{"failed":2,"broken":0,"skipped":0,"passed":3,"unknown":0,"total":5},"items":[{"uid":"613af6184d48af5b","status":"passed","time":{"start":1766016435325,"stop":1766016435353,"duration":28}},{"uid":"5fccecc7036e5625","status":"passed","time":{"start":1766015870288,"stop":1766015870315,"duration":27}},{"uid":"2f2de9cc36a89ea6","status":"passed","time":{"start":1766015099575,"stop":1766015099602,"duration":27}},{"uid":"21a7aea28a8d4b0f","status":"failed","statusDetails":"AssertionError: assert 200 == 300\n +  where 200 = <Response [200]>.status_code","time":{"start":1766014718109,"stop":1766014718142,"duration":33}}]},"tags":[]},"source":"286ec167071af4b5.json","parameterValues":[]}