{"uid":"99849e91b0593b9d","name":"test_register_user","fullName":"test.test_a#test_register_user","historyId":"d44686b4827615327afeb88416bd4909","time":{"start":1766094497954,"stop":1766094497981,"duration":27},"status":"failed","statusMessage":"AssertionError: assert 200 == 400\n +  where 200 = <Response [200]>.status_code","statusTrace":"def test_register_user():\n    \n        with allure.step(\"Step 1: prepare all for test\"):\n            faker = Faker()\n            url = \"http://localhost/register\"\n            headers = {\"Content-Type\": \"application/json\"}\n            user_payload = {\n                \"username\": faker.user_name(),\n                \"password\": faker.password(),\n                \"email\": faker.email(),\n            }\n    \n        with allure.step(\"Step 2: make post request\"):\n            response = requests.post(\n                url=url,\n                headers=headers,\n                json=user_payload,\n            )\n    \n        with allure.step(\"Step 3: assert 200 OK\"):\n>           assert response.status_code == 400\nE           assert 200 == 400\nE            +  where 200 = <Response [200]>.status_code\n\ntest/test_a.py:26: AssertionError","flaky":false,"newFailed":false,"newBroken":false,"newPassed":false,"retriesCount":0,"retriesStatusChange":false,"beforeStages":[{"name":"_session_faker","time":{"start":1766094497925,"stop":1766094497953,"duration":28},"status":"passed","steps":[],"attachments":[],"parameters":[],"shouldDisplayMessage":false,"stepsCount":0,"attachmentsCount":0,"hasContent":false,"attachmentStep":false}],"testStage":{"status":"failed","statusMessage":"AssertionError: assert 200 == 400\n +  where 200 = <Response [200]>.status_code","statusTrace":"def test_register_user():\n    \n        with allure.step(\"Step 1: prepare all for test\"):\n            faker = Faker()\n            url = \"http://localhost/register\"\n            headers = {\"Content-Type\": \"application/json\"}\n            user_payload = {\n                \"username\": faker.user_name(),\n                \"password\": faker.password(),\n                \"email\": faker.email(),\n            }\n    \n        with allure.step(\"Step 2: make post request\"):\n            response = requests.post(\n                url=url,\n                headers=headers,\n                json=user_payload,\n            )\n    \n        with allure.step(\"Step 3: assert 200 OK\"):\n>           assert response.status_code == 400\nE           assert 200 == 400\nE            +  where 200 = <Response [200]>.status_code\n\ntest/test_a.py:26: AssertionError","steps":[{"name":"Step 1: prepare all for test","time":{"start":1766094497954,"stop":1766094497955,"duration":1},"status":"passed","steps":[],"attachments":[],"parameters":[],"shouldDisplayMessage":false,"stepsCount":0,"attachmentsCount":0,"hasContent":false,"attachmentStep":false},{"name":"Step 2: make post request","time":{"start":1766094497955,"stop":1766094497980,"duration":25},"status":"passed","steps":[],"attachments":[],"parameters":[],"shouldDisplayMessage":false,"stepsCount":0,"attachmentsCount":0,"hasContent":false,"attachmentStep":false},{"name":"Step 3: assert 200 OK","time":{"start":1766094497980,"stop":1766094497980,"duration":0},"status":"failed","statusMessage":"AssertionError: assert 200 == 400\n +  where 200 = <Response [200]>.status_code\n","statusTrace":"  File \"/home/runner/work/GhPyTry/GhPyTry/test/test_a.py\", line 26, in test_register_user\n    assert response.status_code == 400\n","steps":[],"attachments":[],"parameters":[],"shouldDisplayMessage":true,"stepsCount":0,"attachmentsCount":0,"hasContent":true,"attachmentStep":false}],"attachments":[],"parameters":[],"shouldDisplayMessage":true,"stepsCount":3,"attachmentsCount":0,"hasContent":true,"attachmentStep":false},"afterStages":[],"labels":[{"name":"parentSuite","value":"test"},{"name":"suite","value":"test_a"},{"name":"host","value":"runnervmh13bl"},{"name":"thread","value":"5227-MainThread"},{"name":"framework","value":"pytest"},{"name":"language","value":"cpython3"},{"name":"package","value":"test.test_a"},{"name":"resultFormat","value":"allure2"}],"parameters":[],"links":[],"hidden":false,"retry":false,"extra":{"severity":"normal","retries":[],"categories":[{"name":"Product defects","matchedStatuses":[],"flaky":false}],"history":{"statistic":{"failed":7,"broken":0,"skipped":0,"passed":4,"unknown":0,"total":11},"items":[{"uid":"b8a9b888e37fd061","reportUrl":"https://valerii-synenko.github.io/GhPyTry//#testresult/b8a9b888e37fd061","status":"failed","statusDetails":"AssertionError: assert 200 == 400\n +  where 200 = <Response [200]>.status_code","time":{"start":1766093046768,"stop":1766093046795,"duration":27}},{"uid":"615ea3ea58dcdc1b","status":"failed","statusDetails":"AssertionError: assert 200 == 400\n +  where 200 = <Response [200]>.status_code","time":{"start":1766020593682,"stop":1766020593711,"duration":29}},{"uid":"ac86ce1dcb1c1ce6","status":"failed","statusDetails":"AssertionError: assert 200 == 400\n +  where 200 = <Response [200]>.status_code","time":{"start":1766019612287,"stop":1766019612314,"duration":27}},{"uid":"4cc4cc2681ce1a05","status":"failed","statusDetails":"AssertionError: assert 200 == 400\n +  where 200 = <Response [200]>.status_code","time":{"start":1766018536228,"stop":1766018536258,"duration":30}},{"uid":"e64a06e09fb7b421","status":"passed","time":{"start":1766016982294,"stop":1766016982320,"duration":26}},{"uid":"286ec167071af4b5","status":"failed","statusDetails":"AssertionError: assert 200 == 300\n +  where 200 = <Response [200]>.status_code","time":{"start":1766016465904,"stop":1766016465930,"duration":26}},{"uid":"613af6184d48af5b","status":"passed","time":{"start":1766016435325,"stop":1766016435353,"duration":28}},{"uid":"5fccecc7036e5625","status":"passed","time":{"start":1766015870288,"stop":1766015870315,"duration":27}},{"uid":"2f2de9cc36a89ea6","status":"passed","time":{"start":1766015099575,"stop":1766015099602,"duration":27}},{"uid":"21a7aea28a8d4b0f","status":"failed","statusDetails":"AssertionError: assert 200 == 300\n +  where 200 = <Response [200]>.status_code","time":{"start":1766014718109,"stop":1766014718142,"duration":33}}]},"tags":[]},"source":"99849e91b0593b9d.json","parameterValues":[]}